# JRE version: OpenJDK Runtime Environment (8.0_242-b01) (build 1.8.0_242-release-1644-b01)
# Java VM: OpenJDK 64-Bit Server VM (25.242-b01 mixed mode windows-amd64 compressed oops)
Heap:
 PSYoungGen      total 290816K, used 168967K [0x00000000d5580000, 0x00000000eae80000, 0x0000000100000000)
  eden space 242688K, 68% used [0x00000000d5580000,0x00000000df88f148,0x00000000e4280000)
  from space 48128K, 4% used [0x00000000e4280000,0x00000000e4472bd0,0x00000000e7180000)
  to   space 45056K, 0% used [0x00000000e7180000,0x00000000e7180000,0x00000000e9d80000)
 ParOldGen       total 202752K, used 168623K [0x0000000080000000, 0x000000008c600000, 0x00000000d5580000)
  object space 202752K, 83% used [0x0000000080000000,0x000000008a4abc08,0x000000008c600000)
 Metaspace       used 112284K, capacity 118232K, committed 118568K, reserved 1153024K
  class space    used 14470K, capacity 15547K, committed 15672K, reserved 1048576K
GC Heap History (10 events):
Event: 5581.691 GC heap before
{Heap before GC invocations=37 (full 4):
 PSYoungGen      total 287744K, used 245536K [0x00000000d5580000, 0x00000000eae80000, 0x0000000100000000)
  eden space 242688K, 100% used [0x00000000d5580000,0x00000000e4280000,0x00000000e4280000)
  from space 45056K, 6% used [0x00000000e7180000,0x00000000e7448000,0x00000000e9d80000)
  to   space 48128K, 0% used [0x00000000e4280000,0x00000000e4280000,0x00000000e7180000)
 ParOldGen       total 202752K, used 152460K [0x0000000080000000, 0x000000008c600000, 0x00000000d5580000)
  object space 202752K, 75% used [0x0000000080000000,0x00000000894e3180,0x000000008c600000)
 Metaspace       used 112231K, capacity 118086K, committed 118312K, reserved 1153024K
  class space    used 14470K, capacity 15546K, committed 15672K, reserved 1048576K
Event: 5581.709 GC heap after
Heap after GC invocations=37 (full 4):
 PSYoungGen      total 290816K, used 8093K [0x00000000d5580000, 0x00000000eae80000, 0x0000000100000000)
  eden space 242688K, 0% used [0x00000000d5580000,0x00000000d5580000,0x00000000e4280000)
  from space 48128K, 16% used [0x00000000e4280000,0x00000000e4a67718,0x00000000e7180000)
  to   space 45056K, 0% used [0x00000000e7180000,0x00000000e7180000,0x00000000e9d80000)
 ParOldGen       total 202752K, used 155072K [0x0000000080000000, 0x000000008c600000, 0x00000000d5580000)
  object space 202752K, 76% used [0x0000000080000000,0x00000000897701a0,0x000000008c600000)
 Metaspace       used 112231K, capacity 118086K, committed 118312K, reserved 1153024K
  class space    used 14470K, capacity 15546K, committed 15672K, reserved 1048576K
}
Event: 5582.439 GC heap before
{Heap before GC invocations=38 (full 4):
 PSYoungGen      total 290816K, used 250781K [0x00000000d5580000, 0x00000000eae80000, 0x0000000100000000)
  eden space 242688K, 100% used [0x00000000d5580000,0x00000000e4280000,0x00000000e4280000)
  from space 48128K, 16% used [0x00000000e4280000,0x00000000e4a67718,0x00000000e7180000)
  to   space 45056K, 0% used [0x00000000e7180000,0x00000000e7180000,0x00000000e9d80000)
 ParOldGen       total 202752K, used 155072K [0x0000000080000000, 0x000000008c600000, 0x00000000d5580000)
  object space 202752K, 76% used [0x0000000080000000,0x00000000897701a0,0x000000008c600000)
 Metaspace       used 112250K, capacity 118092K, committed 118312K, reserved 1153024K
  class space    used 14470K, capacity 15547K, committed 15672K, reserved 1048576K
Event: 5582.461 GC heap after
Heap after GC invocations=38 (full 4):
 PSYoungGen      total 287744K, used 7437K [0x00000000d5580000, 0x00000000eae80000, 0x0000000100000000)
  eden space 242688K, 0% used [0x00000000d5580000,0x00000000d5580000,0x00000000e4280000)
  from space 45056K, 16% used [0x00000000e7180000,0x00000000e78c37e8,0x00000000e9d80000)
  to   space 48128K, 0% used [0x00000000e4280000,0x00000000e4280000,0x00000000e7180000)
 ParOldGen       total 202752K, used 159673K [0x0000000080000000, 0x000000008c600000, 0x00000000d5580000)
  object space 202752K, 78% used [0x0000000080000000,0x0000000089bee628,0x000000008c600000)
 Metaspace       used 112250K, capacity 118092K, committed 118312K, reserved 1153024K
  class space    used 14470K, capacity 15547K, committed 15672K, reserved 1048576K
}
Event: 5583.181 GC heap before
{Heap before GC invocations=39 (full 4):
 PSYoungGen      total 287744K, used 250125K [0x00000000d5580000, 0x00000000eae80000, 0x0000000100000000)
  eden space 242688K, 100% used [0x00000000d5580000,0x00000000e4280000,0x00000000e4280000)
  from space 45056K, 16% used [0x00000000e7180000,0x00000000e78c37e8,0x00000000e9d80000)
  to   space 48128K, 0% used [0x00000000e4280000,0x00000000e4280000,0x00000000e7180000)
 ParOldGen       total 202752K, used 159673K [0x0000000080000000, 0x000000008c600000, 0x00000000d5580000)
  object space 202752K, 78% used [0x0000000080000000,0x0000000089bee628,0x000000008c600000)
 Metaspace       used 112256K, capacity 118092K, committed 118312K, reserved 1153024K
  class space    used 14470K, capacity 15547K, committed 15672K, reserved 1048576K
Event: 5583.195 GC heap after
Heap after GC invocations=39 (full 4):
 PSYoungGen      total 290816K, used 1504K [0x00000000d5580000, 0x00000000eae80000, 0x0000000100000000)
  eden space 242688K, 0% used [0x00000000d5580000,0x00000000d5580000,0x00000000e4280000)
  from space 48128K, 3% used [0x00000000e4280000,0x00000000e43f8000,0x00000000e7180000)
  to   space 45056K, 0% used [0x00000000e7180000,0x00000000e7180000,0x00000000e9d80000)
 ParOldGen       total 202752K, used 165874K [0x0000000080000000, 0x000000008c600000, 0x00000000d5580000)
  object space 202752K, 81% used [0x0000000080000000,0x000000008a1fc918,0x000000008c600000)
 Metaspace       used 112256K, capacity 118092K, committed 118312K, reserved 1153024K
  class space    used 14470K, capacity 15547K, committed 15672K, reserved 1048576K
}
Event: 5583.890 GC heap before
{Heap before GC invocations=40 (full 4):
 PSYoungGen      total 290816K, used 244192K [0x00000000d5580000, 0x00000000eae80000, 0x0000000100000000)
  eden space 242688K, 100% used [0x00000000d5580000,0x00000000e4280000,0x00000000e4280000)
  from space 48128K, 3% used [0x00000000e4280000,0x00000000e43f8000,0x00000000e7180000)
  to   space 45056K, 0% used [0x00000000e7180000,0x00000000e7180000,0x00000000e9d80000)
 ParOldGen       total 202752K, used 165874K [0x0000000080000000, 0x000000008c600000, 0x00000000d5580000)
  object space 202752K, 81% used [0x0000000080000000,0x000000008a1fc918,0x000000008c600000)
 Metaspace       used 112264K, capacity 118156K, committed 118568K, reserved 1153024K
  class space    used 14470K, capacity 15547K, committed 15672K, reserved 1048576K
Event: 5583.897 GC heap after
Heap after GC invocations=40 (full 4):
 PSYoungGen      total 287744K, used 1621K [0x00000000d5580000, 0x00000000eae80000, 0x0000000100000000)
  eden space 242688K, 0% used [0x00000000d5580000,0x00000000d5580000,0x00000000e4280000)
  from space 45056K, 3% used [0x00000000e7180000,0x00000000e73154b0,0x00000000e9d80000)
  to   space 48128K, 0% used [0x00000000e4280000,0x00000000e4280000,0x00000000e7180000)
 ParOldGen       total 202752K, used 166628K [0x0000000080000000, 0x000000008c600000, 0x00000000d5580000)
  object space 202752K, 82% used [0x0000000080000000,0x000000008a2b9150,0x000000008c600000)
 Metaspace       used 112264K, capacity 118156K, committed 118568K, reserved 1153024K
  class space    used 14470K, capacity 15547K, committed 15672K, reserved 1048576K
}
Event: 5584.789 GC heap before
{Heap before GC invocations=41 (full 4):
 PSYoungGen      total 287744K, used 244309K [0x00000000d5580000, 0x00000000eae80000, 0x0000000100000000)
  eden space 242688K, 100% used [0x00000000d5580000,0x00000000e4280000,0x00000000e4280000)
  from space 45056K, 3% used [0x00000000e7180000,0x00000000e73154b0,0x00000000e9d80000)
  to   space 48128K, 0% used [0x00000000e4280000,0x00000000e4280000,0x00000000e7180000)
 ParOldGen       total 202752K, used 167731K [0x0000000080000000, 0x000000008c600000, 0x00000000d5580000)
  object space 202752K, 82% used [0x0000000080000000,0x000000008a3cced8,0x000000008c600000)
 Metaspace       used 112277K, capacity 118228K, committed 118568K, reserved 1153024K
  class space    used 14470K, capacity 15547K, committed 15672K, reserved 1048576K
Event: 5584.799 GC heap after
Heap after GC invocations=41 (full 4):
 PSYoungGen      total 290816K, used 1994K [0x00000000d5580000, 0x00000000eae80000, 0x0000000100000000)
  eden space 242688K, 0% used [0x00000000d5580000,0x00000000d5580000,0x00000000e4280000)
  from space 48128K, 4% used [0x00000000e4280000,0x00000000e4472bd0,0x00000000e7180000)
  to   space 45056K, 0% used [0x00000000e7180000,0x00000000e7180000,0x00000000e9d80000)
 ParOldGen       total 202752K, used 168623K [0x0000000080000000, 0x000000008c600000, 0x00000000d5580000)
  object space 202752K, 83% used [0x0000000080000000,0x000000008a4abc08,0x000000008c600000)
 Metaspace       used 112277K, capacity 118228K, committed 118568K, reserved 1153024K
  class space    used 14470K, capacity 15547K, committed 15672K, reserved 1048576K
}

